2018-10-19 12:35:35,932 - Log4JLogChute initialized using file 'velocity.log'
2018-10-19 12:35:35,933 - Initializing Velocity, Calling init()...
2018-10-19 12:35:35,933 - Starting Apache Velocity v1.7 (compiled: 2010-11-19 12:14:37)
2018-10-19 12:35:35,933 - Default Properties File: org\apache\velocity\runtime\defaults\velocity.properties
2018-10-19 12:35:35,933 - Trying to use logger class org.apache.velocity.runtime.log.AvalonLogChute
2018-10-19 12:35:35,933 - Target log system for org.apache.velocity.runtime.log.AvalonLogChute is not available (java.lang.NoClassDefFoundError: org/apache/log/format/Formatter).  Falling back to next log system...
2018-10-19 12:35:35,933 - Trying to use logger class org.apache.velocity.runtime.log.Log4JLogChute
2018-10-19 12:35:35,945 - Using logger class org.apache.velocity.runtime.log.Log4JLogChute
2018-10-19 12:35:35,962 - ResourceLoader instantiated: org.apache.velocity.runtime.resource.loader.FileResourceLoader
2018-10-19 12:35:35,971 - Do unicode file recognition:  false
2018-10-19 12:35:35,971 - FileResourceLoader : adding path '.'
2018-10-19 12:35:35,986 - ResourceCache: initialized (class org.apache.velocity.runtime.resource.ResourceCacheImpl) with class java.util.Collections$SynchronizedMap cache map.
2018-10-19 12:35:35,988 - Loaded System Directive: org.apache.velocity.runtime.directive.Stop
2018-10-19 12:35:35,989 - Loaded System Directive: org.apache.velocity.runtime.directive.Define
2018-10-19 12:35:35,990 - Loaded System Directive: org.apache.velocity.runtime.directive.Break
2018-10-19 12:35:35,991 - Loaded System Directive: org.apache.velocity.runtime.directive.Evaluate
2018-10-19 12:35:35,992 - Loaded System Directive: org.apache.velocity.runtime.directive.Literal
2018-10-19 12:35:35,994 - Loaded System Directive: org.apache.velocity.runtime.directive.Macro
2018-10-19 12:35:35,996 - Loaded System Directive: org.apache.velocity.runtime.directive.Parse
2018-10-19 12:35:35,998 - Loaded System Directive: org.apache.velocity.runtime.directive.Include
2018-10-19 12:35:35,999 - Loaded System Directive: org.apache.velocity.runtime.directive.Foreach
2018-10-19 12:35:36,044 - Created '20' parsers.
2018-10-19 12:35:36,052 - Velocimacro : "velocimacro.library" is not set.  Trying default library: VM_global_library.vm
2018-10-19 12:35:36,052 - Velocimacro : Default library not found.
2018-10-19 12:35:36,052 - Velocimacro : allowInline = true : VMs can be defined inline in templates
2018-10-19 12:35:36,052 - Velocimacro : allowInlineToOverride = false : VMs defined inline may NOT replace previous VM definitions
2018-10-19 12:35:36,052 - Velocimacro : allowInlineLocal = false : VMs defined inline will be global in scope if allowed.
2018-10-19 12:35:36,052 - Velocimacro : autoload off : VM system will not automatically reload global library macros
2018-10-19 12:41:33,553 - Log4JLogChute initialized using file 'velocity.log'
2018-10-19 12:41:33,554 - Initializing Velocity, Calling init()...
2018-10-19 12:41:33,554 - Starting Apache Velocity v1.7 (compiled: 2010-11-19 12:14:37)
2018-10-19 12:41:33,556 - Default Properties File: org\apache\velocity\runtime\defaults\velocity.properties
2018-10-19 12:41:33,556 - Trying to use logger class org.apache.velocity.runtime.log.AvalonLogChute
2018-10-19 12:41:33,556 - Target log system for org.apache.velocity.runtime.log.AvalonLogChute is not available (java.lang.NoClassDefFoundError: org/apache/log/format/Formatter).  Falling back to next log system...
2018-10-19 12:41:33,556 - Trying to use logger class org.apache.velocity.runtime.log.Log4JLogChute
2018-10-19 12:41:33,556 - Using logger class org.apache.velocity.runtime.log.Log4JLogChute
2018-10-19 12:41:33,563 - ResourceLoader instantiated: org.apache.velocity.runtime.resource.loader.FileResourceLoader
2018-10-19 12:41:33,564 - Do unicode file recognition:  false
2018-10-19 12:41:33,565 - FileResourceLoader : adding path '.'
2018-10-19 12:41:33,580 - ResourceCache: initialized (class org.apache.velocity.runtime.resource.ResourceCacheImpl) with class java.util.Collections$SynchronizedMap cache map.
2018-10-19 12:41:33,583 - Loaded System Directive: org.apache.velocity.runtime.directive.Stop
2018-10-19 12:41:33,585 - Loaded System Directive: org.apache.velocity.runtime.directive.Define
2018-10-19 12:41:33,586 - Loaded System Directive: org.apache.velocity.runtime.directive.Break
2018-10-19 12:41:33,587 - Loaded System Directive: org.apache.velocity.runtime.directive.Evaluate
2018-10-19 12:41:33,588 - Loaded System Directive: org.apache.velocity.runtime.directive.Literal
2018-10-19 12:41:33,590 - Loaded System Directive: org.apache.velocity.runtime.directive.Macro
2018-10-19 12:41:33,591 - Loaded System Directive: org.apache.velocity.runtime.directive.Parse
2018-10-19 12:41:33,593 - Loaded System Directive: org.apache.velocity.runtime.directive.Include
2018-10-19 12:41:33,594 - Loaded System Directive: org.apache.velocity.runtime.directive.Foreach
2018-10-19 12:41:33,641 - Created '20' parsers.
2018-10-19 12:41:33,655 - Velocimacro : "velocimacro.library" is not set.  Trying default library: VM_global_library.vm
2018-10-19 12:41:33,655 - Velocimacro : Default library not found.
2018-10-19 12:41:33,655 - Velocimacro : allowInline = true : VMs can be defined inline in templates
2018-10-19 12:41:33,655 - Velocimacro : allowInlineToOverride = false : VMs defined inline may NOT replace previous VM definitions
2018-10-19 12:41:33,655 - Velocimacro : allowInlineLocal = false : VMs defined inline will be global in scope if allowed.
2018-10-19 12:41:33,655 - Velocimacro : autoload off : VM system will not automatically reload global library macros
2018-10-19 12:44:54,315 - Log4JLogChute initialized using file 'velocity.log'
2018-10-19 12:44:54,316 - Initializing Velocity, Calling init()...
2018-10-19 12:44:54,316 - Starting Apache Velocity v1.7 (compiled: 2010-11-19 12:14:37)
2018-10-19 12:44:54,316 - Default Properties File: org\apache\velocity\runtime\defaults\velocity.properties
2018-10-19 12:44:54,319 - Trying to use logger class org.apache.velocity.runtime.log.AvalonLogChute
2018-10-19 12:44:54,319 - Target log system for org.apache.velocity.runtime.log.AvalonLogChute is not available (java.lang.NoClassDefFoundError: org/apache/log/format/Formatter).  Falling back to next log system...
2018-10-19 12:44:54,319 - Trying to use logger class org.apache.velocity.runtime.log.Log4JLogChute
2018-10-19 12:44:54,319 - Using logger class org.apache.velocity.runtime.log.Log4JLogChute
2018-10-19 12:44:54,336 - ResourceLoader instantiated: org.apache.velocity.runtime.resource.loader.FileResourceLoader
2018-10-19 12:44:54,337 - Do unicode file recognition:  false
2018-10-19 12:44:54,337 - FileResourceLoader : adding path '.'
2018-10-19 12:44:54,350 - ResourceCache: initialized (class org.apache.velocity.runtime.resource.ResourceCacheImpl) with class java.util.Collections$SynchronizedMap cache map.
2018-10-19 12:44:54,352 - Loaded System Directive: org.apache.velocity.runtime.directive.Stop
2018-10-19 12:44:54,353 - Loaded System Directive: org.apache.velocity.runtime.directive.Define
2018-10-19 12:44:54,354 - Loaded System Directive: org.apache.velocity.runtime.directive.Break
2018-10-19 12:44:54,355 - Loaded System Directive: org.apache.velocity.runtime.directive.Evaluate
2018-10-19 12:44:54,356 - Loaded System Directive: org.apache.velocity.runtime.directive.Literal
2018-10-19 12:44:54,359 - Loaded System Directive: org.apache.velocity.runtime.directive.Macro
2018-10-19 12:44:54,365 - Loaded System Directive: org.apache.velocity.runtime.directive.Parse
2018-10-19 12:44:54,368 - Loaded System Directive: org.apache.velocity.runtime.directive.Include
2018-10-19 12:44:54,370 - Loaded System Directive: org.apache.velocity.runtime.directive.Foreach
2018-10-19 12:44:54,438 - Created '20' parsers.
2018-10-19 12:44:54,460 - Velocimacro : "velocimacro.library" is not set.  Trying default library: VM_global_library.vm
2018-10-19 12:44:54,461 - Velocimacro : Default library not found.
2018-10-19 12:44:54,461 - Velocimacro : allowInline = true : VMs can be defined inline in templates
2018-10-19 12:44:54,461 - Velocimacro : allowInlineToOverride = false : VMs defined inline may NOT replace previous VM definitions
2018-10-19 12:44:54,461 - Velocimacro : allowInlineLocal = false : VMs defined inline will be global in scope if allowed.
2018-10-19 12:44:54,461 - Velocimacro : autoload off : VM system will not automatically reload global library macros
2018-10-19 12:50:03,309 - Log4JLogChute initialized using file 'velocity.log'
2018-10-19 12:50:03,311 - Initializing Velocity, Calling init()...
2018-10-19 12:50:03,311 - Starting Apache Velocity v1.7 (compiled: 2010-11-19 12:14:37)
2018-10-19 12:50:03,311 - Default Properties File: org\apache\velocity\runtime\defaults\velocity.properties
2018-10-19 12:50:03,313 - Trying to use logger class org.apache.velocity.runtime.log.AvalonLogChute
2018-10-19 12:50:03,313 - Target log system for org.apache.velocity.runtime.log.AvalonLogChute is not available (java.lang.NoClassDefFoundError: org/apache/log/format/Formatter).  Falling back to next log system...
2018-10-19 12:50:03,313 - Trying to use logger class org.apache.velocity.runtime.log.Log4JLogChute
2018-10-19 12:50:03,313 - Using logger class org.apache.velocity.runtime.log.Log4JLogChute
2018-10-19 12:50:03,338 - ResourceLoader instantiated: org.apache.velocity.runtime.resource.loader.FileResourceLoader
2018-10-19 12:50:03,340 - Do unicode file recognition:  false
2018-10-19 12:50:03,340 - FileResourceLoader : adding path '.'
2018-10-19 12:50:03,368 - ResourceCache: initialized (class org.apache.velocity.runtime.resource.ResourceCacheImpl) with class java.util.Collections$SynchronizedMap cache map.
2018-10-19 12:50:03,370 - Loaded System Directive: org.apache.velocity.runtime.directive.Stop
2018-10-19 12:50:03,373 - Loaded System Directive: org.apache.velocity.runtime.directive.Define
2018-10-19 12:50:03,374 - Loaded System Directive: org.apache.velocity.runtime.directive.Break
2018-10-19 12:50:03,376 - Loaded System Directive: org.apache.velocity.runtime.directive.Evaluate
2018-10-19 12:50:03,377 - Loaded System Directive: org.apache.velocity.runtime.directive.Literal
2018-10-19 12:50:03,381 - Loaded System Directive: org.apache.velocity.runtime.directive.Macro
2018-10-19 12:50:03,383 - Loaded System Directive: org.apache.velocity.runtime.directive.Parse
2018-10-19 12:50:03,385 - Loaded System Directive: org.apache.velocity.runtime.directive.Include
2018-10-19 12:50:03,387 - Loaded System Directive: org.apache.velocity.runtime.directive.Foreach
2018-10-19 12:50:03,486 - Created '20' parsers.
2018-10-19 12:50:03,500 - Velocimacro : "velocimacro.library" is not set.  Trying default library: VM_global_library.vm
2018-10-19 12:50:03,501 - Velocimacro : Default library not found.
2018-10-19 12:50:03,501 - Velocimacro : allowInline = true : VMs can be defined inline in templates
2018-10-19 12:50:03,501 - Velocimacro : allowInlineToOverride = false : VMs defined inline may NOT replace previous VM definitions
2018-10-19 12:50:03,501 - Velocimacro : allowInlineLocal = false : VMs defined inline will be global in scope if allowed.
2018-10-19 12:50:03,501 - Velocimacro : autoload off : VM system will not automatically reload global library macros
2018-10-19 12:51:06,816 - Log4JLogChute initialized using file 'velocity.log'
2018-10-19 12:51:06,817 - Initializing Velocity, Calling init()...
2018-10-19 12:51:06,817 - Starting Apache Velocity v1.7 (compiled: 2010-11-19 12:14:37)
2018-10-19 12:51:06,817 - Default Properties File: org\apache\velocity\runtime\defaults\velocity.properties
2018-10-19 12:51:06,819 - Trying to use logger class org.apache.velocity.runtime.log.AvalonLogChute
2018-10-19 12:51:06,819 - Target log system for org.apache.velocity.runtime.log.AvalonLogChute is not available (java.lang.NoClassDefFoundError: org/apache/log/format/Formatter).  Falling back to next log system...
2018-10-19 12:51:06,819 - Trying to use logger class org.apache.velocity.runtime.log.Log4JLogChute
2018-10-19 12:51:06,819 - Using logger class org.apache.velocity.runtime.log.Log4JLogChute
2018-10-19 12:51:06,841 - ResourceLoader instantiated: org.apache.velocity.runtime.resource.loader.FileResourceLoader
2018-10-19 12:51:06,843 - Do unicode file recognition:  false
2018-10-19 12:51:06,843 - FileResourceLoader : adding path '.'
2018-10-19 12:51:06,862 - ResourceCache: initialized (class org.apache.velocity.runtime.resource.ResourceCacheImpl) with class java.util.Collections$SynchronizedMap cache map.
2018-10-19 12:51:06,865 - Loaded System Directive: org.apache.velocity.runtime.directive.Stop
2018-10-19 12:51:06,868 - Loaded System Directive: org.apache.velocity.runtime.directive.Define
2018-10-19 12:51:06,869 - Loaded System Directive: org.apache.velocity.runtime.directive.Break
2018-10-19 12:51:06,871 - Loaded System Directive: org.apache.velocity.runtime.directive.Evaluate
2018-10-19 12:51:06,874 - Loaded System Directive: org.apache.velocity.runtime.directive.Literal
2018-10-19 12:51:06,877 - Loaded System Directive: org.apache.velocity.runtime.directive.Macro
2018-10-19 12:51:06,879 - Loaded System Directive: org.apache.velocity.runtime.directive.Parse
2018-10-19 12:51:06,881 - Loaded System Directive: org.apache.velocity.runtime.directive.Include
2018-10-19 12:51:06,883 - Loaded System Directive: org.apache.velocity.runtime.directive.Foreach
2018-10-19 12:51:06,971 - Created '20' parsers.
2018-10-19 12:51:06,997 - Velocimacro : "velocimacro.library" is not set.  Trying default library: VM_global_library.vm
2018-10-19 12:51:06,997 - Velocimacro : Default library not found.
2018-10-19 12:51:06,997 - Velocimacro : allowInline = true : VMs can be defined inline in templates
2018-10-19 12:51:06,997 - Velocimacro : allowInlineToOverride = false : VMs defined inline may NOT replace previous VM definitions
2018-10-19 12:51:06,997 - Velocimacro : allowInlineLocal = false : VMs defined inline will be global in scope if allowed.
2018-10-19 12:51:06,997 - Velocimacro : autoload off : VM system will not automatically reload global library macros
2018-10-19 12:51:16,851 - Log4JLogChute initialized using file 'velocity.log'
2018-10-19 12:51:16,853 - Initializing Velocity, Calling init()...
2018-10-19 12:51:16,853 - Starting Apache Velocity v1.7 (compiled: 2010-11-19 12:14:37)
2018-10-19 12:51:16,853 - Default Properties File: org\apache\velocity\runtime\defaults\velocity.properties
2018-10-19 12:51:16,856 - Trying to use logger class org.apache.velocity.runtime.log.AvalonLogChute
2018-10-19 12:51:16,856 - Target log system for org.apache.velocity.runtime.log.AvalonLogChute is not available (java.lang.NoClassDefFoundError: org/apache/log/format/Formatter).  Falling back to next log system...
2018-10-19 12:51:16,856 - Trying to use logger class org.apache.velocity.runtime.log.Log4JLogChute
2018-10-19 12:51:16,856 - Using logger class org.apache.velocity.runtime.log.Log4JLogChute
2018-10-19 12:51:16,870 - ResourceLoader instantiated: org.apache.velocity.runtime.resource.loader.FileResourceLoader
2018-10-19 12:51:16,886 - Do unicode file recognition:  false
2018-10-19 12:51:16,886 - FileResourceLoader : adding path '.'
2018-10-19 12:51:16,950 - ResourceCache: initialized (class org.apache.velocity.runtime.resource.ResourceCacheImpl) with class java.util.Collections$SynchronizedMap cache map.
2018-10-19 12:51:16,955 - Loaded System Directive: org.apache.velocity.runtime.directive.Stop
2018-10-19 12:51:16,957 - Loaded System Directive: org.apache.velocity.runtime.directive.Define
2018-10-19 12:51:16,958 - Loaded System Directive: org.apache.velocity.runtime.directive.Break
2018-10-19 12:51:16,959 - Loaded System Directive: org.apache.velocity.runtime.directive.Evaluate
2018-10-19 12:51:16,960 - Loaded System Directive: org.apache.velocity.runtime.directive.Literal
2018-10-19 12:51:16,962 - Loaded System Directive: org.apache.velocity.runtime.directive.Macro
2018-10-19 12:51:16,964 - Loaded System Directive: org.apache.velocity.runtime.directive.Parse
2018-10-19 12:51:16,966 - Loaded System Directive: org.apache.velocity.runtime.directive.Include
2018-10-19 12:51:16,968 - Loaded System Directive: org.apache.velocity.runtime.directive.Foreach
2018-10-19 12:51:17,021 - Created '20' parsers.
2018-10-19 12:51:17,034 - Velocimacro : "velocimacro.library" is not set.  Trying default library: VM_global_library.vm
2018-10-19 12:51:17,034 - Velocimacro : Default library not found.
2018-10-19 12:51:17,034 - Velocimacro : allowInline = true : VMs can be defined inline in templates
2018-10-19 12:51:17,034 - Velocimacro : allowInlineToOverride = false : VMs defined inline may NOT replace previous VM definitions
2018-10-19 12:51:17,034 - Velocimacro : allowInlineLocal = false : VMs defined inline will be global in scope if allowed.
2018-10-19 12:51:17,034 - Velocimacro : autoload off : VM system will not automatically reload global library macros
2018-10-19 12:52:59,923 - Log4JLogChute initialized using file 'velocity.log'
2018-10-19 12:52:59,924 - Initializing Velocity, Calling init()...
2018-10-19 12:52:59,924 - Starting Apache Velocity v1.7 (compiled: 2010-11-19 12:14:37)
2018-10-19 12:52:59,924 - Default Properties File: org\apache\velocity\runtime\defaults\velocity.properties
2018-10-19 12:52:59,926 - Trying to use logger class org.apache.velocity.runtime.log.AvalonLogChute
2018-10-19 12:52:59,926 - Target log system for org.apache.velocity.runtime.log.AvalonLogChute is not available (java.lang.NoClassDefFoundError: org/apache/log/format/Formatter).  Falling back to next log system...
2018-10-19 12:52:59,926 - Trying to use logger class org.apache.velocity.runtime.log.Log4JLogChute
2018-10-19 12:52:59,926 - Using logger class org.apache.velocity.runtime.log.Log4JLogChute
2018-10-19 12:52:59,932 - ResourceLoader instantiated: org.apache.velocity.runtime.resource.loader.FileResourceLoader
2018-10-19 12:52:59,933 - Do unicode file recognition:  false
2018-10-19 12:52:59,934 - FileResourceLoader : adding path '.'
2018-10-19 12:52:59,961 - ResourceCache: initialized (class org.apache.velocity.runtime.resource.ResourceCacheImpl) with class java.util.Collections$SynchronizedMap cache map.
2018-10-19 12:52:59,963 - Loaded System Directive: org.apache.velocity.runtime.directive.Stop
2018-10-19 12:52:59,965 - Loaded System Directive: org.apache.velocity.runtime.directive.Define
2018-10-19 12:52:59,966 - Loaded System Directive: org.apache.velocity.runtime.directive.Break
2018-10-19 12:52:59,967 - Loaded System Directive: org.apache.velocity.runtime.directive.Evaluate
2018-10-19 12:52:59,968 - Loaded System Directive: org.apache.velocity.runtime.directive.Literal
2018-10-19 12:52:59,970 - Loaded System Directive: org.apache.velocity.runtime.directive.Macro
2018-10-19 12:52:59,972 - Loaded System Directive: org.apache.velocity.runtime.directive.Parse
2018-10-19 12:52:59,985 - Loaded System Directive: org.apache.velocity.runtime.directive.Include
2018-10-19 12:52:59,988 - Loaded System Directive: org.apache.velocity.runtime.directive.Foreach
2018-10-19 12:53:00,071 - Created '20' parsers.
2018-10-19 12:53:00,106 - Velocimacro : "velocimacro.library" is not set.  Trying default library: VM_global_library.vm
2018-10-19 12:53:00,107 - Velocimacro : Default library not found.
2018-10-19 12:53:00,107 - Velocimacro : allowInline = true : VMs can be defined inline in templates
2018-10-19 12:53:00,107 - Velocimacro : allowInlineToOverride = false : VMs defined inline may NOT replace previous VM definitions
2018-10-19 12:53:00,107 - Velocimacro : allowInlineLocal = false : VMs defined inline will be global in scope if allowed.
2018-10-19 12:53:00,107 - Velocimacro : autoload off : VM system will not automatically reload global library macros
2018-10-19 12:53:15,125 - Log4JLogChute initialized using file 'velocity.log'
2018-10-19 12:53:15,126 - Initializing Velocity, Calling init()...
2018-10-19 12:53:15,126 - Starting Apache Velocity v1.7 (compiled: 2010-11-19 12:14:37)
2018-10-19 12:53:15,126 - Default Properties File: org\apache\velocity\runtime\defaults\velocity.properties
2018-10-19 12:53:15,128 - Trying to use logger class org.apache.velocity.runtime.log.AvalonLogChute
2018-10-19 12:53:15,128 - Target log system for org.apache.velocity.runtime.log.AvalonLogChute is not available (java.lang.NoClassDefFoundError: org/apache/log/format/Formatter).  Falling back to next log system...
2018-10-19 12:53:15,129 - Trying to use logger class org.apache.velocity.runtime.log.Log4JLogChute
2018-10-19 12:53:15,129 - Using logger class org.apache.velocity.runtime.log.Log4JLogChute
2018-10-19 12:53:15,145 - ResourceLoader instantiated: org.apache.velocity.runtime.resource.loader.FileResourceLoader
2018-10-19 12:53:15,148 - Do unicode file recognition:  false
2018-10-19 12:53:15,153 - FileResourceLoader : adding path '.'
2018-10-19 12:53:15,185 - ResourceCache: initialized (class org.apache.velocity.runtime.resource.ResourceCacheImpl) with class java.util.Collections$SynchronizedMap cache map.
2018-10-19 12:53:15,187 - Loaded System Directive: org.apache.velocity.runtime.directive.Stop
2018-10-19 12:53:15,189 - Loaded System Directive: org.apache.velocity.runtime.directive.Define
2018-10-19 12:53:15,190 - Loaded System Directive: org.apache.velocity.runtime.directive.Break
2018-10-19 12:53:15,192 - Loaded System Directive: org.apache.velocity.runtime.directive.Evaluate
2018-10-19 12:53:15,193 - Loaded System Directive: org.apache.velocity.runtime.directive.Literal
2018-10-19 12:53:15,196 - Loaded System Directive: org.apache.velocity.runtime.directive.Macro
2018-10-19 12:53:15,198 - Loaded System Directive: org.apache.velocity.runtime.directive.Parse
2018-10-19 12:53:15,200 - Loaded System Directive: org.apache.velocity.runtime.directive.Include
2018-10-19 12:53:15,202 - Loaded System Directive: org.apache.velocity.runtime.directive.Foreach
2018-10-19 12:53:15,290 - Created '20' parsers.
2018-10-19 12:53:15,306 - Velocimacro : "velocimacro.library" is not set.  Trying default library: VM_global_library.vm
2018-10-19 12:53:15,307 - Velocimacro : Default library not found.
2018-10-19 12:53:15,307 - Velocimacro : allowInline = true : VMs can be defined inline in templates
2018-10-19 12:53:15,307 - Velocimacro : allowInlineToOverride = false : VMs defined inline may NOT replace previous VM definitions
2018-10-19 12:53:15,307 - Velocimacro : allowInlineLocal = false : VMs defined inline will be global in scope if allowed.
2018-10-19 12:53:15,307 - Velocimacro : autoload off : VM system will not automatically reload global library macros
2018-10-19 12:58:25,259 - Log4JLogChute initialized using file 'velocity.log'
2018-10-19 12:58:25,260 - Initializing Velocity, Calling init()...
2018-10-19 12:58:25,260 - Starting Apache Velocity v1.7 (compiled: 2010-11-19 12:14:37)
2018-10-19 12:58:25,260 - Default Properties File: org\apache\velocity\runtime\defaults\velocity.properties
2018-10-19 12:58:25,260 - Trying to use logger class org.apache.velocity.runtime.log.AvalonLogChute
2018-10-19 12:58:25,262 - Target log system for org.apache.velocity.runtime.log.AvalonLogChute is not available (java.lang.NoClassDefFoundError: org/apache/log/format/Formatter).  Falling back to next log system...
2018-10-19 12:58:25,262 - Trying to use logger class org.apache.velocity.runtime.log.Log4JLogChute
2018-10-19 12:58:25,262 - Using logger class org.apache.velocity.runtime.log.Log4JLogChute
2018-10-19 12:58:25,272 - ResourceLoader instantiated: org.apache.velocity.runtime.resource.loader.FileResourceLoader
2018-10-19 12:58:25,273 - Do unicode file recognition:  false
2018-10-19 12:58:25,273 - FileResourceLoader : adding path '.'
2018-10-19 12:58:25,287 - ResourceCache: initialized (class org.apache.velocity.runtime.resource.ResourceCacheImpl) with class java.util.Collections$SynchronizedMap cache map.
2018-10-19 12:58:25,290 - Loaded System Directive: org.apache.velocity.runtime.directive.Stop
2018-10-19 12:58:25,291 - Loaded System Directive: org.apache.velocity.runtime.directive.Define
2018-10-19 12:58:25,292 - Loaded System Directive: org.apache.velocity.runtime.directive.Break
2018-10-19 12:58:25,294 - Loaded System Directive: org.apache.velocity.runtime.directive.Evaluate
2018-10-19 12:58:25,294 - Loaded System Directive: org.apache.velocity.runtime.directive.Literal
2018-10-19 12:58:25,296 - Loaded System Directive: org.apache.velocity.runtime.directive.Macro
2018-10-19 12:58:25,297 - Loaded System Directive: org.apache.velocity.runtime.directive.Parse
2018-10-19 12:58:25,299 - Loaded System Directive: org.apache.velocity.runtime.directive.Include
2018-10-19 12:58:25,300 - Loaded System Directive: org.apache.velocity.runtime.directive.Foreach
2018-10-19 12:58:25,343 - Created '20' parsers.
2018-10-19 12:58:25,360 - Velocimacro : "velocimacro.library" is not set.  Trying default library: VM_global_library.vm
2018-10-19 12:58:25,360 - Velocimacro : Default library not found.
2018-10-19 12:58:25,360 - Velocimacro : allowInline = true : VMs can be defined inline in templates
2018-10-19 12:58:25,361 - Velocimacro : allowInlineToOverride = false : VMs defined inline may NOT replace previous VM definitions
2018-10-19 12:58:25,361 - Velocimacro : allowInlineLocal = false : VMs defined inline will be global in scope if allowed.
2018-10-19 12:58:25,361 - Velocimacro : autoload off : VM system will not automatically reload global library macros
2018-10-19 12:58:42,342 - Log4JLogChute initialized using file 'velocity.log'
2018-10-19 12:58:42,343 - Initializing Velocity, Calling init()...
2018-10-19 12:58:42,343 - Starting Apache Velocity v1.7 (compiled: 2010-11-19 12:14:37)
2018-10-19 12:58:42,343 - Default Properties File: org\apache\velocity\runtime\defaults\velocity.properties
2018-10-19 12:58:42,343 - Trying to use logger class org.apache.velocity.runtime.log.AvalonLogChute
2018-10-19 12:58:42,345 - Target log system for org.apache.velocity.runtime.log.AvalonLogChute is not available (java.lang.NoClassDefFoundError: org/apache/log/format/Formatter).  Falling back to next log system...
2018-10-19 12:58:42,346 - Trying to use logger class org.apache.velocity.runtime.log.Log4JLogChute
2018-10-19 12:58:42,346 - Using logger class org.apache.velocity.runtime.log.Log4JLogChute
2018-10-19 12:58:42,362 - ResourceLoader instantiated: org.apache.velocity.runtime.resource.loader.FileResourceLoader
2018-10-19 12:58:42,363 - Do unicode file recognition:  false
2018-10-19 12:58:42,363 - FileResourceLoader : adding path '.'
2018-10-19 12:58:42,388 - ResourceCache: initialized (class org.apache.velocity.runtime.resource.ResourceCacheImpl) with class java.util.Collections$SynchronizedMap cache map.
2018-10-19 12:58:42,391 - Loaded System Directive: org.apache.velocity.runtime.directive.Stop
2018-10-19 12:58:42,393 - Loaded System Directive: org.apache.velocity.runtime.directive.Define
2018-10-19 12:58:42,394 - Loaded System Directive: org.apache.velocity.runtime.directive.Break
2018-10-19 12:58:42,395 - Loaded System Directive: org.apache.velocity.runtime.directive.Evaluate
2018-10-19 12:58:42,395 - Loaded System Directive: org.apache.velocity.runtime.directive.Literal
2018-10-19 12:58:42,397 - Loaded System Directive: org.apache.velocity.runtime.directive.Macro
2018-10-19 12:58:42,398 - Loaded System Directive: org.apache.velocity.runtime.directive.Parse
2018-10-19 12:58:42,400 - Loaded System Directive: org.apache.velocity.runtime.directive.Include
2018-10-19 12:58:42,401 - Loaded System Directive: org.apache.velocity.runtime.directive.Foreach
2018-10-19 12:58:42,462 - Created '20' parsers.
2018-10-19 12:58:42,477 - Velocimacro : "velocimacro.library" is not set.  Trying default library: VM_global_library.vm
2018-10-19 12:58:42,477 - Velocimacro : Default library not found.
2018-10-19 12:58:42,477 - Velocimacro : allowInline = true : VMs can be defined inline in templates
2018-10-19 12:58:42,477 - Velocimacro : allowInlineToOverride = false : VMs defined inline may NOT replace previous VM definitions
2018-10-19 12:58:42,477 - Velocimacro : allowInlineLocal = false : VMs defined inline will be global in scope if allowed.
2018-10-19 12:58:42,477 - Velocimacro : autoload off : VM system will not automatically reload global library macros
2018-10-19 12:59:58,129 - Log4JLogChute initialized using file 'velocity.log'
2018-10-19 12:59:58,130 - Initializing Velocity, Calling init()...
2018-10-19 12:59:58,131 - Starting Apache Velocity v1.7 (compiled: 2010-11-19 12:14:37)
2018-10-19 12:59:58,131 - Default Properties File: org\apache\velocity\runtime\defaults\velocity.properties
2018-10-19 12:59:58,131 - Trying to use logger class org.apache.velocity.runtime.log.AvalonLogChute
2018-10-19 12:59:58,133 - Target log system for org.apache.velocity.runtime.log.AvalonLogChute is not available (java.lang.NoClassDefFoundError: org/apache/log/format/Formatter).  Falling back to next log system...
2018-10-19 12:59:58,133 - Trying to use logger class org.apache.velocity.runtime.log.Log4JLogChute
2018-10-19 12:59:58,133 - Using logger class org.apache.velocity.runtime.log.Log4JLogChute
2018-10-19 12:59:58,167 - ResourceLoader instantiated: org.apache.velocity.runtime.resource.loader.FileResourceLoader
2018-10-19 12:59:58,169 - Do unicode file recognition:  false
2018-10-19 12:59:58,169 - FileResourceLoader : adding path '.'
2018-10-19 12:59:58,197 - ResourceCache: initialized (class org.apache.velocity.runtime.resource.ResourceCacheImpl) with class java.util.Collections$SynchronizedMap cache map.
2018-10-19 12:59:58,200 - Loaded System Directive: org.apache.velocity.runtime.directive.Stop
2018-10-19 12:59:58,202 - Loaded System Directive: org.apache.velocity.runtime.directive.Define
2018-10-19 12:59:58,203 - Loaded System Directive: org.apache.velocity.runtime.directive.Break
2018-10-19 12:59:58,205 - Loaded System Directive: org.apache.velocity.runtime.directive.Evaluate
2018-10-19 12:59:58,206 - Loaded System Directive: org.apache.velocity.runtime.directive.Literal
2018-10-19 12:59:58,209 - Loaded System Directive: org.apache.velocity.runtime.directive.Macro
2018-10-19 12:59:58,219 - Loaded System Directive: org.apache.velocity.runtime.directive.Parse
2018-10-19 12:59:58,234 - Loaded System Directive: org.apache.velocity.runtime.directive.Include
2018-10-19 12:59:58,246 - Loaded System Directive: org.apache.velocity.runtime.directive.Foreach
2018-10-19 12:59:58,313 - Created '20' parsers.
2018-10-19 12:59:58,337 - Velocimacro : "velocimacro.library" is not set.  Trying default library: VM_global_library.vm
2018-10-19 12:59:58,338 - Velocimacro : Default library not found.
2018-10-19 12:59:58,338 - Velocimacro : allowInline = true : VMs can be defined inline in templates
2018-10-19 12:59:58,338 - Velocimacro : allowInlineToOverride = false : VMs defined inline may NOT replace previous VM definitions
2018-10-19 12:59:58,338 - Velocimacro : allowInlineLocal = false : VMs defined inline will be global in scope if allowed.
2018-10-19 12:59:58,338 - Velocimacro : autoload off : VM system will not automatically reload global library macros
2018-10-19 13:00:21,439 - Log4JLogChute initialized using file 'velocity.log'
2018-10-19 13:00:21,441 - Initializing Velocity, Calling init()...
2018-10-19 13:00:21,441 - Starting Apache Velocity v1.7 (compiled: 2010-11-19 12:14:37)
2018-10-19 13:00:21,441 - Default Properties File: org\apache\velocity\runtime\defaults\velocity.properties
2018-10-19 13:00:21,445 - Trying to use logger class org.apache.velocity.runtime.log.AvalonLogChute
2018-10-19 13:00:21,446 - Target log system for org.apache.velocity.runtime.log.AvalonLogChute is not available (java.lang.NoClassDefFoundError: org/apache/log/format/Formatter).  Falling back to next log system...
2018-10-19 13:00:21,446 - Trying to use logger class org.apache.velocity.runtime.log.Log4JLogChute
2018-10-19 13:00:21,446 - Using logger class org.apache.velocity.runtime.log.Log4JLogChute
2018-10-19 13:00:21,465 - ResourceLoader instantiated: org.apache.velocity.runtime.resource.loader.FileResourceLoader
2018-10-19 13:00:21,467 - Do unicode file recognition:  false
2018-10-19 13:00:21,467 - FileResourceLoader : adding path '.'
2018-10-19 13:00:21,483 - ResourceCache: initialized (class org.apache.velocity.runtime.resource.ResourceCacheImpl) with class java.util.Collections$SynchronizedMap cache map.
2018-10-19 13:00:21,485 - Loaded System Directive: org.apache.velocity.runtime.directive.Stop
2018-10-19 13:00:21,488 - Loaded System Directive: org.apache.velocity.runtime.directive.Define
2018-10-19 13:00:21,489 - Loaded System Directive: org.apache.velocity.runtime.directive.Break
2018-10-19 13:00:21,490 - Loaded System Directive: org.apache.velocity.runtime.directive.Evaluate
2018-10-19 13:00:21,491 - Loaded System Directive: org.apache.velocity.runtime.directive.Literal
2018-10-19 13:00:21,493 - Loaded System Directive: org.apache.velocity.runtime.directive.Macro
2018-10-19 13:00:21,495 - Loaded System Directive: org.apache.velocity.runtime.directive.Parse
2018-10-19 13:00:21,499 - Loaded System Directive: org.apache.velocity.runtime.directive.Include
2018-10-19 13:00:21,502 - Loaded System Directive: org.apache.velocity.runtime.directive.Foreach
2018-10-19 13:00:21,554 - Created '20' parsers.
2018-10-19 13:00:21,574 - Velocimacro : "velocimacro.library" is not set.  Trying default library: VM_global_library.vm
2018-10-19 13:00:21,575 - Velocimacro : Default library not found.
2018-10-19 13:00:21,575 - Velocimacro : allowInline = true : VMs can be defined inline in templates
2018-10-19 13:00:21,575 - Velocimacro : allowInlineToOverride = false : VMs defined inline may NOT replace previous VM definitions
2018-10-19 13:00:21,575 - Velocimacro : allowInlineLocal = false : VMs defined inline will be global in scope if allowed.
2018-10-19 13:00:21,575 - Velocimacro : autoload off : VM system will not automatically reload global library macros
2018-10-19 13:04:53,762 - Log4JLogChute initialized using file 'velocity.log'
2018-10-19 13:04:53,763 - Initializing Velocity, Calling init()...
2018-10-19 13:04:53,763 - Starting Apache Velocity v1.7 (compiled: 2010-11-19 12:14:37)
2018-10-19 13:04:53,763 - Default Properties File: org\apache\velocity\runtime\defaults\velocity.properties
2018-10-19 13:04:53,763 - Trying to use logger class org.apache.velocity.runtime.log.AvalonLogChute
2018-10-19 13:04:53,766 - Target log system for org.apache.velocity.runtime.log.AvalonLogChute is not available (java.lang.NoClassDefFoundError: org/apache/log/format/Formatter).  Falling back to next log system...
2018-10-19 13:04:53,766 - Trying to use logger class org.apache.velocity.runtime.log.Log4JLogChute
2018-10-19 13:04:53,766 - Using logger class org.apache.velocity.runtime.log.Log4JLogChute
2018-10-19 13:04:53,791 - ResourceLoader instantiated: org.apache.velocity.runtime.resource.loader.FileResourceLoader
2018-10-19 13:04:53,795 - Do unicode file recognition:  false
2018-10-19 13:04:53,795 - FileResourceLoader : adding path '.'
2018-10-19 13:04:53,813 - ResourceCache: initialized (class org.apache.velocity.runtime.resource.ResourceCacheImpl) with class java.util.Collections$SynchronizedMap cache map.
2018-10-19 13:04:53,816 - Loaded System Directive: org.apache.velocity.runtime.directive.Stop
2018-10-19 13:04:53,817 - Loaded System Directive: org.apache.velocity.runtime.directive.Define
2018-10-19 13:04:53,818 - Loaded System Directive: org.apache.velocity.runtime.directive.Break
2018-10-19 13:04:53,819 - Loaded System Directive: org.apache.velocity.runtime.directive.Evaluate
2018-10-19 13:04:53,820 - Loaded System Directive: org.apache.velocity.runtime.directive.Literal
2018-10-19 13:04:53,822 - Loaded System Directive: org.apache.velocity.runtime.directive.Macro
2018-10-19 13:04:53,828 - Loaded System Directive: org.apache.velocity.runtime.directive.Parse
2018-10-19 13:04:53,830 - Loaded System Directive: org.apache.velocity.runtime.directive.Include
2018-10-19 13:04:53,832 - Loaded System Directive: org.apache.velocity.runtime.directive.Foreach
2018-10-19 13:04:53,891 - Created '20' parsers.
2018-10-19 13:04:53,909 - Velocimacro : "velocimacro.library" is not set.  Trying default library: VM_global_library.vm
2018-10-19 13:04:53,909 - Velocimacro : Default library not found.
2018-10-19 13:04:53,909 - Velocimacro : allowInline = true : VMs can be defined inline in templates
2018-10-19 13:04:53,909 - Velocimacro : allowInlineToOverride = false : VMs defined inline may NOT replace previous VM definitions
2018-10-19 13:04:53,910 - Velocimacro : allowInlineLocal = false : VMs defined inline will be global in scope if allowed.
2018-10-19 13:04:53,910 - Velocimacro : autoload off : VM system will not automatically reload global library macros
2018-10-19 13:06:08,674 - Log4JLogChute initialized using file 'velocity.log'
2018-10-19 13:06:08,675 - Initializing Velocity, Calling init()...
2018-10-19 13:06:08,675 - Starting Apache Velocity v1.7 (compiled: 2010-11-19 12:14:37)
2018-10-19 13:06:08,675 - Default Properties File: org\apache\velocity\runtime\defaults\velocity.properties
2018-10-19 13:06:08,675 - Trying to use logger class org.apache.velocity.runtime.log.AvalonLogChute
2018-10-19 13:06:08,675 - Target log system for org.apache.velocity.runtime.log.AvalonLogChute is not available (java.lang.NoClassDefFoundError: org/apache/log/format/Formatter).  Falling back to next log system...
2018-10-19 13:06:08,675 - Trying to use logger class org.apache.velocity.runtime.log.Log4JLogChute
2018-10-19 13:06:08,675 - Using logger class org.apache.velocity.runtime.log.Log4JLogChute
2018-10-19 13:06:08,691 - ResourceLoader instantiated: org.apache.velocity.runtime.resource.loader.FileResourceLoader
2018-10-19 13:06:08,693 - Do unicode file recognition:  false
2018-10-19 13:06:08,693 - FileResourceLoader : adding path '.'
2018-10-19 13:06:08,733 - ResourceCache: initialized (class org.apache.velocity.runtime.resource.ResourceCacheImpl) with class java.util.Collections$SynchronizedMap cache map.
2018-10-19 13:06:08,747 - Loaded System Directive: org.apache.velocity.runtime.directive.Stop
2018-10-19 13:06:08,751 - Loaded System Directive: org.apache.velocity.runtime.directive.Define
2018-10-19 13:06:08,753 - Loaded System Directive: org.apache.velocity.runtime.directive.Break
2018-10-19 13:06:08,756 - Loaded System Directive: org.apache.velocity.runtime.directive.Evaluate
2018-10-19 13:06:08,757 - Loaded System Directive: org.apache.velocity.runtime.directive.Literal
2018-10-19 13:06:08,768 - Loaded System Directive: org.apache.velocity.runtime.directive.Macro
2018-10-19 13:06:08,773 - Loaded System Directive: org.apache.velocity.runtime.directive.Parse
2018-10-19 13:06:08,779 - Loaded System Directive: org.apache.velocity.runtime.directive.Include
2018-10-19 13:06:08,781 - Loaded System Directive: org.apache.velocity.runtime.directive.Foreach
2018-10-19 13:06:08,890 - Created '20' parsers.
2018-10-19 13:06:08,900 - Velocimacro : "velocimacro.library" is not set.  Trying default library: VM_global_library.vm
2018-10-19 13:06:08,900 - Velocimacro : Default library not found.
2018-10-19 13:06:08,901 - Velocimacro : allowInline = true : VMs can be defined inline in templates
2018-10-19 13:06:08,901 - Velocimacro : allowInlineToOverride = false : VMs defined inline may NOT replace previous VM definitions
2018-10-19 13:06:08,901 - Velocimacro : allowInlineLocal = false : VMs defined inline will be global in scope if allowed.
2018-10-19 13:06:08,901 - Velocimacro : autoload off : VM system will not automatically reload global library macros
2018-10-19 13:10:26,249 - Log4JLogChute initialized using file 'velocity.log'
2018-10-19 13:10:26,250 - Initializing Velocity, Calling init()...
2018-10-19 13:10:26,250 - Starting Apache Velocity v1.7 (compiled: 2010-11-19 12:14:37)
2018-10-19 13:10:26,250 - Default Properties File: org\apache\velocity\runtime\defaults\velocity.properties
2018-10-19 13:10:26,251 - Trying to use logger class org.apache.velocity.runtime.log.AvalonLogChute
2018-10-19 13:10:26,252 - Target log system for org.apache.velocity.runtime.log.AvalonLogChute is not available (java.lang.NoClassDefFoundError: org/apache/log/format/Formatter).  Falling back to next log system...
2018-10-19 13:10:26,252 - Trying to use logger class org.apache.velocity.runtime.log.Log4JLogChute
2018-10-19 13:10:26,252 - Using logger class org.apache.velocity.runtime.log.Log4JLogChute
2018-10-19 13:10:26,262 - ResourceLoader instantiated: org.apache.velocity.runtime.resource.loader.FileResourceLoader
2018-10-19 13:10:26,264 - Do unicode file recognition:  false
2018-10-19 13:10:26,264 - FileResourceLoader : adding path '.'
2018-10-19 13:10:26,292 - ResourceCache: initialized (class org.apache.velocity.runtime.resource.ResourceCacheImpl) with class java.util.Collections$SynchronizedMap cache map.
2018-10-19 13:10:26,295 - Loaded System Directive: org.apache.velocity.runtime.directive.Stop
2018-10-19 13:10:26,297 - Loaded System Directive: org.apache.velocity.runtime.directive.Define
2018-10-19 13:10:26,298 - Loaded System Directive: org.apache.velocity.runtime.directive.Break
2018-10-19 13:10:26,299 - Loaded System Directive: org.apache.velocity.runtime.directive.Evaluate
2018-10-19 13:10:26,300 - Loaded System Directive: org.apache.velocity.runtime.directive.Literal
2018-10-19 13:10:26,301 - Loaded System Directive: org.apache.velocity.runtime.directive.Macro
2018-10-19 13:10:26,304 - Loaded System Directive: org.apache.velocity.runtime.directive.Parse
2018-10-19 13:10:26,306 - Loaded System Directive: org.apache.velocity.runtime.directive.Include
2018-10-19 13:10:26,307 - Loaded System Directive: org.apache.velocity.runtime.directive.Foreach
2018-10-19 13:10:26,354 - Created '20' parsers.
2018-10-19 13:10:26,369 - Velocimacro : "velocimacro.library" is not set.  Trying default library: VM_global_library.vm
2018-10-19 13:10:26,369 - Velocimacro : Default library not found.
2018-10-19 13:10:26,369 - Velocimacro : allowInline = true : VMs can be defined inline in templates
2018-10-19 13:10:26,369 - Velocimacro : allowInlineToOverride = false : VMs defined inline may NOT replace previous VM definitions
2018-10-19 13:10:26,369 - Velocimacro : allowInlineLocal = false : VMs defined inline will be global in scope if allowed.
2018-10-19 13:10:26,369 - Velocimacro : autoload off : VM system will not automatically reload global library macros
2018-10-19 13:21:46,428 - Log4JLogChute initialized using file 'velocity.log'
2018-10-19 13:21:46,443 - Initializing Velocity, Calling init()...
2018-10-19 13:21:46,444 - Starting Apache Velocity v1.7 (compiled: 2010-11-19 12:14:37)
2018-10-19 13:21:46,444 - Default Properties File: org\apache\velocity\runtime\defaults\velocity.properties
2018-10-19 13:21:46,444 - Trying to use logger class org.apache.velocity.runtime.log.AvalonLogChute
2018-10-19 13:21:46,446 - Target log system for org.apache.velocity.runtime.log.AvalonLogChute is not available (java.lang.NoClassDefFoundError: org/apache/log/format/Formatter).  Falling back to next log system...
2018-10-19 13:21:46,446 - Trying to use logger class org.apache.velocity.runtime.log.Log4JLogChute
2018-10-19 13:21:46,446 - Using logger class org.apache.velocity.runtime.log.Log4JLogChute
2018-10-19 13:21:46,464 - ResourceLoader instantiated: org.apache.velocity.runtime.resource.loader.FileResourceLoader
2018-10-19 13:21:46,465 - Do unicode file recognition:  false
2018-10-19 13:21:46,465 - FileResourceLoader : adding path '.'
2018-10-19 13:21:46,496 - ResourceCache: initialized (class org.apache.velocity.runtime.resource.ResourceCacheImpl) with class java.util.Collections$SynchronizedMap cache map.
2018-10-19 13:21:46,498 - Loaded System Directive: org.apache.velocity.runtime.directive.Stop
2018-10-19 13:21:46,500 - Loaded System Directive: org.apache.velocity.runtime.directive.Define
2018-10-19 13:21:46,501 - Loaded System Directive: org.apache.velocity.runtime.directive.Break
2018-10-19 13:21:46,502 - Loaded System Directive: org.apache.velocity.runtime.directive.Evaluate
2018-10-19 13:21:46,503 - Loaded System Directive: org.apache.velocity.runtime.directive.Literal
2018-10-19 13:21:46,505 - Loaded System Directive: org.apache.velocity.runtime.directive.Macro
2018-10-19 13:21:46,507 - Loaded System Directive: org.apache.velocity.runtime.directive.Parse
2018-10-19 13:21:46,508 - Loaded System Directive: org.apache.velocity.runtime.directive.Include
2018-10-19 13:21:46,510 - Loaded System Directive: org.apache.velocity.runtime.directive.Foreach
2018-10-19 13:21:46,564 - Created '20' parsers.
2018-10-19 13:21:46,577 - Velocimacro : "velocimacro.library" is not set.  Trying default library: VM_global_library.vm
2018-10-19 13:21:46,577 - Velocimacro : Default library not found.
2018-10-19 13:21:46,577 - Velocimacro : allowInline = true : VMs can be defined inline in templates
2018-10-19 13:21:46,577 - Velocimacro : allowInlineToOverride = false : VMs defined inline may NOT replace previous VM definitions
2018-10-19 13:21:46,578 - Velocimacro : allowInlineLocal = false : VMs defined inline will be global in scope if allowed.
2018-10-19 13:21:46,578 - Velocimacro : autoload off : VM system will not automatically reload global library macros
2018-10-19 19:06:49,306 - Log4JLogChute initialized using file 'velocity.log'
2018-10-19 19:06:49,325 - Initializing Velocity, Calling init()...
2018-10-19 19:06:49,325 - Starting Apache Velocity v1.7 (compiled: 2010-11-19 12:14:37)
2018-10-19 19:06:49,325 - Default Properties File: org\apache\velocity\runtime\defaults\velocity.properties
2018-10-19 19:06:49,325 - Trying to use logger class org.apache.velocity.runtime.log.AvalonLogChute
2018-10-19 19:06:49,325 - Target log system for org.apache.velocity.runtime.log.AvalonLogChute is not available (java.lang.NoClassDefFoundError: org/apache/log/format/Formatter).  Falling back to next log system...
2018-10-19 19:06:49,325 - Trying to use logger class org.apache.velocity.runtime.log.Log4JLogChute
2018-10-19 19:06:49,325 - Using logger class org.apache.velocity.runtime.log.Log4JLogChute
2018-10-19 19:06:49,332 - ResourceLoader instantiated: org.apache.velocity.runtime.resource.loader.FileResourceLoader
2018-10-19 19:06:49,334 - Do unicode file recognition:  false
2018-10-19 19:06:49,334 - FileResourceLoader : adding path '.'
2018-10-19 19:06:49,381 - ResourceCache: initialized (class org.apache.velocity.runtime.resource.ResourceCacheImpl) with class java.util.Collections$SynchronizedMap cache map.
2018-10-19 19:06:49,383 - Loaded System Directive: org.apache.velocity.runtime.directive.Stop
2018-10-19 19:06:49,385 - Loaded System Directive: org.apache.velocity.runtime.directive.Define
2018-10-19 19:06:49,386 - Loaded System Directive: org.apache.velocity.runtime.directive.Break
2018-10-19 19:06:49,387 - Loaded System Directive: org.apache.velocity.runtime.directive.Evaluate
2018-10-19 19:06:49,387 - Loaded System Directive: org.apache.velocity.runtime.directive.Literal
2018-10-19 19:06:49,388 - Loaded System Directive: org.apache.velocity.runtime.directive.Macro
2018-10-19 19:06:49,390 - Loaded System Directive: org.apache.velocity.runtime.directive.Parse
2018-10-19 19:06:49,391 - Loaded System Directive: org.apache.velocity.runtime.directive.Include
2018-10-19 19:06:49,391 - Loaded System Directive: org.apache.velocity.runtime.directive.Foreach
2018-10-19 19:06:49,437 - Created '20' parsers.
2018-10-19 19:06:49,444 - Velocimacro : "velocimacro.library" is not set.  Trying default library: VM_global_library.vm
2018-10-19 19:06:49,444 - Velocimacro : Default library not found.
2018-10-19 19:06:49,444 - Velocimacro : allowInline = true : VMs can be defined inline in templates
2018-10-19 19:06:49,444 - Velocimacro : allowInlineToOverride = false : VMs defined inline may NOT replace previous VM definitions
2018-10-19 19:06:49,444 - Velocimacro : allowInlineLocal = false : VMs defined inline will be global in scope if allowed.
2018-10-19 19:06:49,444 - Velocimacro : autoload off : VM system will not automatically reload global library macros
2018-10-19 19:15:34,250 - Log4JLogChute initialized using file 'velocity.log'
2018-10-19 19:15:34,251 - Initializing Velocity, Calling init()...
2018-10-19 19:15:34,251 - Starting Apache Velocity v1.7 (compiled: 2010-11-19 12:14:37)
2018-10-19 19:15:34,251 - Default Properties File: org\apache\velocity\runtime\defaults\velocity.properties
2018-10-19 19:15:34,251 - Trying to use logger class org.apache.velocity.runtime.log.AvalonLogChute
2018-10-19 19:15:34,251 - Target log system for org.apache.velocity.runtime.log.AvalonLogChute is not available (java.lang.NoClassDefFoundError: org/apache/log/format/Formatter).  Falling back to next log system...
2018-10-19 19:15:34,251 - Trying to use logger class org.apache.velocity.runtime.log.Log4JLogChute
2018-10-19 19:15:34,251 - Using logger class org.apache.velocity.runtime.log.Log4JLogChute
2018-10-19 19:15:34,267 - ResourceLoader instantiated: org.apache.velocity.runtime.resource.loader.FileResourceLoader
2018-10-19 19:15:34,271 - Do unicode file recognition:  false
2018-10-19 19:15:34,271 - FileResourceLoader : adding path '.'
2018-10-19 19:15:34,293 - ResourceCache: initialized (class org.apache.velocity.runtime.resource.ResourceCacheImpl) with class java.util.Collections$SynchronizedMap cache map.
2018-10-19 19:15:34,296 - Loaded System Directive: org.apache.velocity.runtime.directive.Stop
2018-10-19 19:15:34,298 - Loaded System Directive: org.apache.velocity.runtime.directive.Define
2018-10-19 19:15:34,299 - Loaded System Directive: org.apache.velocity.runtime.directive.Break
2018-10-19 19:15:34,302 - Loaded System Directive: org.apache.velocity.runtime.directive.Evaluate
2018-10-19 19:15:34,303 - Loaded System Directive: org.apache.velocity.runtime.directive.Literal
2018-10-19 19:15:34,306 - Loaded System Directive: org.apache.velocity.runtime.directive.Macro
2018-10-19 19:15:34,308 - Loaded System Directive: org.apache.velocity.runtime.directive.Parse
2018-10-19 19:15:34,309 - Loaded System Directive: org.apache.velocity.runtime.directive.Include
2018-10-19 19:15:34,311 - Loaded System Directive: org.apache.velocity.runtime.directive.Foreach
2018-10-19 19:15:34,349 - Created '20' parsers.
2018-10-19 19:15:34,355 - Velocimacro : "velocimacro.library" is not set.  Trying default library: VM_global_library.vm
2018-10-19 19:15:34,355 - Velocimacro : Default library not found.
2018-10-19 19:15:34,355 - Velocimacro : allowInline = true : VMs can be defined inline in templates
2018-10-19 19:15:34,355 - Velocimacro : allowInlineToOverride = false : VMs defined inline may NOT replace previous VM definitions
2018-10-19 19:15:34,355 - Velocimacro : allowInlineLocal = false : VMs defined inline will be global in scope if allowed.
2018-10-19 19:15:34,355 - Velocimacro : autoload off : VM system will not automatically reload global library macros
2018-10-19 19:21:35,089 - Log4JLogChute initialized using file 'velocity.log'
2018-10-19 19:21:35,090 - Initializing Velocity, Calling init()...
2018-10-19 19:21:35,090 - Starting Apache Velocity v1.7 (compiled: 2010-11-19 12:14:37)
2018-10-19 19:21:35,090 - Default Properties File: org\apache\velocity\runtime\defaults\velocity.properties
2018-10-19 19:21:35,090 - Trying to use logger class org.apache.velocity.runtime.log.AvalonLogChute
2018-10-19 19:21:35,090 - Target log system for org.apache.velocity.runtime.log.AvalonLogChute is not available (java.lang.NoClassDefFoundError: org/apache/log/format/Formatter).  Falling back to next log system...
2018-10-19 19:21:35,090 - Trying to use logger class org.apache.velocity.runtime.log.Log4JLogChute
2018-10-19 19:21:35,090 - Using logger class org.apache.velocity.runtime.log.Log4JLogChute
2018-10-19 19:21:35,098 - ResourceLoader instantiated: org.apache.velocity.runtime.resource.loader.FileResourceLoader
2018-10-19 19:21:35,100 - Do unicode file recognition:  false
2018-10-19 19:21:35,100 - FileResourceLoader : adding path '.'
2018-10-19 19:21:35,118 - ResourceCache: initialized (class org.apache.velocity.runtime.resource.ResourceCacheImpl) with class java.util.Collections$SynchronizedMap cache map.
2018-10-19 19:21:35,121 - Loaded System Directive: org.apache.velocity.runtime.directive.Stop
2018-10-19 19:21:35,123 - Loaded System Directive: org.apache.velocity.runtime.directive.Define
2018-10-19 19:21:35,124 - Loaded System Directive: org.apache.velocity.runtime.directive.Break
2018-10-19 19:21:35,126 - Loaded System Directive: org.apache.velocity.runtime.directive.Evaluate
2018-10-19 19:21:35,127 - Loaded System Directive: org.apache.velocity.runtime.directive.Literal
2018-10-19 19:21:35,129 - Loaded System Directive: org.apache.velocity.runtime.directive.Macro
2018-10-19 19:21:35,132 - Loaded System Directive: org.apache.velocity.runtime.directive.Parse
2018-10-19 19:21:35,134 - Loaded System Directive: org.apache.velocity.runtime.directive.Include
2018-10-19 19:21:35,136 - Loaded System Directive: org.apache.velocity.runtime.directive.Foreach
2018-10-19 19:21:35,191 - Created '20' parsers.
2018-10-19 19:21:35,202 - Velocimacro : "velocimacro.library" is not set.  Trying default library: VM_global_library.vm
2018-10-19 19:21:35,202 - Velocimacro : Default library not found.
2018-10-19 19:21:35,202 - Velocimacro : allowInline = true : VMs can be defined inline in templates
2018-10-19 19:21:35,202 - Velocimacro : allowInlineToOverride = false : VMs defined inline may NOT replace previous VM definitions
2018-10-19 19:21:35,202 - Velocimacro : allowInlineLocal = false : VMs defined inline will be global in scope if allowed.
2018-10-19 19:21:35,202 - Velocimacro : autoload off : VM system will not automatically reload global library macros
2018-10-19 20:06:31,240 - Log4JLogChute initialized using file 'velocity.log'
2018-10-19 20:06:31,242 - Initializing Velocity, Calling init()...
2018-10-19 20:06:31,242 - Starting Apache Velocity v1.7 (compiled: 2010-11-19 12:14:37)
2018-10-19 20:06:31,242 - Default Properties File: org\apache\velocity\runtime\defaults\velocity.properties
2018-10-19 20:06:31,242 - Trying to use logger class org.apache.velocity.runtime.log.AvalonLogChute
2018-10-19 20:06:31,242 - Target log system for org.apache.velocity.runtime.log.AvalonLogChute is not available (java.lang.NoClassDefFoundError: org/apache/log/format/Formatter).  Falling back to next log system...
2018-10-19 20:06:31,242 - Trying to use logger class org.apache.velocity.runtime.log.Log4JLogChute
2018-10-19 20:06:31,242 - Using logger class org.apache.velocity.runtime.log.Log4JLogChute
2018-10-19 20:06:31,249 - ResourceLoader instantiated: org.apache.velocity.runtime.resource.loader.FileResourceLoader
2018-10-19 20:06:31,251 - Do unicode file recognition:  false
2018-10-19 20:06:31,251 - FileResourceLoader : adding path '.'
2018-10-19 20:06:31,268 - ResourceCache: initialized (class org.apache.velocity.runtime.resource.ResourceCacheImpl) with class java.util.Collections$SynchronizedMap cache map.
2018-10-19 20:06:31,270 - Loaded System Directive: org.apache.velocity.runtime.directive.Stop
2018-10-19 20:06:31,272 - Loaded System Directive: org.apache.velocity.runtime.directive.Define
2018-10-19 20:06:31,274 - Loaded System Directive: org.apache.velocity.runtime.directive.Break
2018-10-19 20:06:31,275 - Loaded System Directive: org.apache.velocity.runtime.directive.Evaluate
2018-10-19 20:06:31,275 - Loaded System Directive: org.apache.velocity.runtime.directive.Literal
2018-10-19 20:06:31,277 - Loaded System Directive: org.apache.velocity.runtime.directive.Macro
2018-10-19 20:06:31,279 - Loaded System Directive: org.apache.velocity.runtime.directive.Parse
2018-10-19 20:06:31,281 - Loaded System Directive: org.apache.velocity.runtime.directive.Include
2018-10-19 20:06:31,282 - Loaded System Directive: org.apache.velocity.runtime.directive.Foreach
2018-10-19 20:06:31,323 - Created '20' parsers.
2018-10-19 20:06:31,330 - Velocimacro : "velocimacro.library" is not set.  Trying default library: VM_global_library.vm
2018-10-19 20:06:31,331 - Velocimacro : Default library not found.
2018-10-19 20:06:31,331 - Velocimacro : allowInline = true : VMs can be defined inline in templates
2018-10-19 20:06:31,331 - Velocimacro : allowInlineToOverride = false : VMs defined inline may NOT replace previous VM definitions
2018-10-19 20:06:31,331 - Velocimacro : allowInlineLocal = false : VMs defined inline will be global in scope if allowed.
2018-10-19 20:06:31,331 - Velocimacro : autoload off : VM system will not automatically reload global library macros
2018-10-19 20:31:30,206 - Log4JLogChute initialized using file 'velocity.log'
2018-10-19 20:31:30,232 - Initializing Velocity, Calling init()...
2018-10-19 20:31:30,233 - Starting Apache Velocity v1.7 (compiled: 2010-11-19 12:14:37)
2018-10-19 20:31:30,233 - Default Properties File: org\apache\velocity\runtime\defaults\velocity.properties
2018-10-19 20:31:30,233 - Trying to use logger class org.apache.velocity.runtime.log.AvalonLogChute
2018-10-19 20:31:30,233 - Target log system for org.apache.velocity.runtime.log.AvalonLogChute is not available (java.lang.NoClassDefFoundError: org/apache/log/format/Formatter).  Falling back to next log system...
2018-10-19 20:31:30,233 - Trying to use logger class org.apache.velocity.runtime.log.Log4JLogChute
2018-10-19 20:31:30,233 - Using logger class org.apache.velocity.runtime.log.Log4JLogChute
2018-10-19 20:31:30,245 - ResourceLoader instantiated: org.apache.velocity.runtime.resource.loader.FileResourceLoader
2018-10-19 20:31:30,250 - Do unicode file recognition:  false
2018-10-19 20:31:30,250 - FileResourceLoader : adding path '.'
2018-10-19 20:31:30,327 - ResourceCache: initialized (class org.apache.velocity.runtime.resource.ResourceCacheImpl) with class java.util.Collections$SynchronizedMap cache map.
2018-10-19 20:31:30,329 - Loaded System Directive: org.apache.velocity.runtime.directive.Stop
2018-10-19 20:31:30,330 - Loaded System Directive: org.apache.velocity.runtime.directive.Define
2018-10-19 20:31:30,331 - Loaded System Directive: org.apache.velocity.runtime.directive.Break
2018-10-19 20:31:30,332 - Loaded System Directive: org.apache.velocity.runtime.directive.Evaluate
2018-10-19 20:31:30,333 - Loaded System Directive: org.apache.velocity.runtime.directive.Literal
2018-10-19 20:31:30,334 - Loaded System Directive: org.apache.velocity.runtime.directive.Macro
2018-10-19 20:31:30,336 - Loaded System Directive: org.apache.velocity.runtime.directive.Parse
2018-10-19 20:31:30,337 - Loaded System Directive: org.apache.velocity.runtime.directive.Include
2018-10-19 20:31:30,338 - Loaded System Directive: org.apache.velocity.runtime.directive.Foreach
2018-10-19 20:31:30,368 - Created '20' parsers.
2018-10-19 20:31:30,374 - Velocimacro : "velocimacro.library" is not set.  Trying default library: VM_global_library.vm
2018-10-19 20:31:30,374 - Velocimacro : Default library not found.
2018-10-19 20:31:30,374 - Velocimacro : allowInline = true : VMs can be defined inline in templates
2018-10-19 20:31:30,374 - Velocimacro : allowInlineToOverride = false : VMs defined inline may NOT replace previous VM definitions
2018-10-19 20:31:30,375 - Velocimacro : allowInlineLocal = false : VMs defined inline will be global in scope if allowed.
2018-10-19 20:31:30,375 - Velocimacro : autoload off : VM system will not automatically reload global library macros
2018-10-19 20:52:34,039 - Log4JLogChute initialized using file 'velocity.log'
2018-10-19 20:52:34,056 - Initializing Velocity, Calling init()...
2018-10-19 20:52:34,056 - Starting Apache Velocity v1.7 (compiled: 2010-11-19 12:14:37)
2018-10-19 20:52:34,056 - Default Properties File: org\apache\velocity\runtime\defaults\velocity.properties
2018-10-19 20:52:34,056 - Trying to use logger class org.apache.velocity.runtime.log.AvalonLogChute
2018-10-19 20:52:34,057 - Target log system for org.apache.velocity.runtime.log.AvalonLogChute is not available (java.lang.NoClassDefFoundError: org/apache/log/format/Formatter).  Falling back to next log system...
2018-10-19 20:52:34,057 - Trying to use logger class org.apache.velocity.runtime.log.Log4JLogChute
2018-10-19 20:52:34,057 - Using logger class org.apache.velocity.runtime.log.Log4JLogChute
2018-10-19 20:52:34,063 - ResourceLoader instantiated: org.apache.velocity.runtime.resource.loader.FileResourceLoader
2018-10-19 20:52:34,065 - Do unicode file recognition:  false
2018-10-19 20:52:34,065 - FileResourceLoader : adding path '.'
2018-10-19 20:52:34,097 - ResourceCache: initialized (class org.apache.velocity.runtime.resource.ResourceCacheImpl) with class java.util.Collections$SynchronizedMap cache map.
2018-10-19 20:52:34,099 - Loaded System Directive: org.apache.velocity.runtime.directive.Stop
2018-10-19 20:52:34,101 - Loaded System Directive: org.apache.velocity.runtime.directive.Define
2018-10-19 20:52:34,102 - Loaded System Directive: org.apache.velocity.runtime.directive.Break
2018-10-19 20:52:34,104 - Loaded System Directive: org.apache.velocity.runtime.directive.Evaluate
2018-10-19 20:52:34,105 - Loaded System Directive: org.apache.velocity.runtime.directive.Literal
2018-10-19 20:52:34,107 - Loaded System Directive: org.apache.velocity.runtime.directive.Macro
2018-10-19 20:52:34,109 - Loaded System Directive: org.apache.velocity.runtime.directive.Parse
2018-10-19 20:52:34,110 - Loaded System Directive: org.apache.velocity.runtime.directive.Include
2018-10-19 20:52:34,110 - Loaded System Directive: org.apache.velocity.runtime.directive.Foreach
2018-10-19 20:52:34,156 - Created '20' parsers.
2018-10-19 20:52:34,164 - Velocimacro : "velocimacro.library" is not set.  Trying default library: VM_global_library.vm
2018-10-19 20:52:34,164 - Velocimacro : Default library not found.
2018-10-19 20:52:34,164 - Velocimacro : allowInline = true : VMs can be defined inline in templates
2018-10-19 20:52:34,164 - Velocimacro : allowInlineToOverride = false : VMs defined inline may NOT replace previous VM definitions
2018-10-19 20:52:34,164 - Velocimacro : allowInlineLocal = false : VMs defined inline will be global in scope if allowed.
2018-10-19 20:52:34,164 - Velocimacro : autoload off : VM system will not automatically reload global library macros
2018-10-19 21:01:53,817 - Log4JLogChute initialized using file 'velocity.log'
2018-10-19 21:01:53,830 - Initializing Velocity, Calling init()...
2018-10-19 21:01:53,830 - Starting Apache Velocity v1.7 (compiled: 2010-11-19 12:14:37)
2018-10-19 21:01:53,830 - Default Properties File: org\apache\velocity\runtime\defaults\velocity.properties
2018-10-19 21:01:53,830 - Trying to use logger class org.apache.velocity.runtime.log.AvalonLogChute
2018-10-19 21:01:53,830 - Target log system for org.apache.velocity.runtime.log.AvalonLogChute is not available (java.lang.NoClassDefFoundError: org/apache/log/format/Formatter).  Falling back to next log system...
2018-10-19 21:01:53,830 - Trying to use logger class org.apache.velocity.runtime.log.Log4JLogChute
2018-10-19 21:01:53,830 - Using logger class org.apache.velocity.runtime.log.Log4JLogChute
2018-10-19 21:01:53,836 - ResourceLoader instantiated: org.apache.velocity.runtime.resource.loader.FileResourceLoader
2018-10-19 21:01:53,837 - Do unicode file recognition:  false
2018-10-19 21:01:53,838 - FileResourceLoader : adding path '.'
2018-10-19 21:01:53,867 - ResourceCache: initialized (class org.apache.velocity.runtime.resource.ResourceCacheImpl) with class java.util.Collections$SynchronizedMap cache map.
2018-10-19 21:01:53,869 - Loaded System Directive: org.apache.velocity.runtime.directive.Stop
2018-10-19 21:01:53,871 - Loaded System Directive: org.apache.velocity.runtime.directive.Define
2018-10-19 21:01:53,872 - Loaded System Directive: org.apache.velocity.runtime.directive.Break
2018-10-19 21:01:53,873 - Loaded System Directive: org.apache.velocity.runtime.directive.Evaluate
2018-10-19 21:01:53,874 - Loaded System Directive: org.apache.velocity.runtime.directive.Literal
2018-10-19 21:01:53,875 - Loaded System Directive: org.apache.velocity.runtime.directive.Macro
2018-10-19 21:01:53,876 - Loaded System Directive: org.apache.velocity.runtime.directive.Parse
2018-10-19 21:01:53,878 - Loaded System Directive: org.apache.velocity.runtime.directive.Include
2018-10-19 21:01:53,878 - Loaded System Directive: org.apache.velocity.runtime.directive.Foreach
2018-10-19 21:01:53,907 - Created '20' parsers.
2018-10-19 21:01:53,913 - Velocimacro : "velocimacro.library" is not set.  Trying default library: VM_global_library.vm
2018-10-19 21:01:53,914 - Velocimacro : Default library not found.
2018-10-19 21:01:53,914 - Velocimacro : allowInline = true : VMs can be defined inline in templates
2018-10-19 21:01:53,914 - Velocimacro : allowInlineToOverride = false : VMs defined inline may NOT replace previous VM definitions
2018-10-19 21:01:53,914 - Velocimacro : allowInlineLocal = false : VMs defined inline will be global in scope if allowed.
2018-10-19 21:01:53,914 - Velocimacro : autoload off : VM system will not automatically reload global library macros
